Using pre-set license
Built from '2020.3/release' branch; Version is '2020.3.2f1 (8fd9074bf66c) revision 9427207'; Using compiler version '192528614'; Build Type 'Release'
OS: 'Windows 10 Education; OS build 19043.1165; Version 2009; 64bit' Language: 'en' Physical Memory: 16190 MB
BatchMode: 1, IsHumanControllingUs: 0, StartBugReporterOnCrash: 0, Is64bit: 1, IsPro: 0

 COMMAND LINE ARGUMENTS:
C:\Program Files\Unity\Hub\Editor\2020.3.2f1\Editor\Unity.exe
-adb2
-batchMode
-noUpm
-name
AssetImportWorker0
-projectPath
C:/Users/Issao/Desktop/Create with Code/JuniorProgrammer_Unit_2/Prototype 2
-logFile
Logs/AssetImportWorker0.log
-srvPort
60010
Successfully changed project path to: C:/Users/Issao/Desktop/Create with Code/JuniorProgrammer_Unit_2/Prototype 2
C:/Users/Issao/Desktop/Create with Code/JuniorProgrammer_Unit_2/Prototype 2
Using Asset Import Pipeline V2.
Unable to join player connection multicast group.

Refreshing native plugins compatible for Editor in 25.02 ms, found 0 plugins.
Preloading 0 native plugins for Editor in 0.00 ms.
Initialize engine version: 2020.3.2f1 (8fd9074bf66c)
[Subsystems] Discovering subsystems at path C:/Program Files/Unity/Hub/Editor/2020.3.2f1/Editor/Data/Resources/UnitySubsystems
[Subsystems] Discovering subsystems at path C:/Users/Issao/Desktop/Create with Code/JuniorProgrammer_Unit_2/Prototype 2/Assets
GfxDevice: creating device client; threaded=0
Direct3D:
    Version:  Direct3D 11.0 [level 11.1]
    Renderer: NVIDIA GeForce MX150 (ID=0x1d10)
    Vendor:   
    VRAM:     1983 MB
    Driver:   30.0.14.7168
Initialize mono
Mono path[0] = 'C:/Program Files/Unity/Hub/Editor/2020.3.2f1/Editor/Data/Managed'
Mono path[1] = 'C:/Program Files/Unity/Hub/Editor/2020.3.2f1/Editor/Data/MonoBleedingEdge/lib/mono/unityjit'
Mono config path = 'C:/Program Files/Unity/Hub/Editor/2020.3.2f1/Editor/Data/MonoBleedingEdge/etc'
Using monoOptions --debugger-agent=transport=dt_socket,embedding=1,server=y,suspend=n,address=127.0.0.1:56848
Begin MonoManager ReloadAssembly
Registering precompiled unity dll's ...
Register platform support module: C:/Program Files/Unity/Hub/Editor/2020.3.2f1/Editor/Data/PlaybackEngines/WebGLSupport/UnityEditor.WebGL.Extensions.dll
Register platform support module: C:/Program Files/Unity/Hub/Editor/2020.3.2f1/Editor/Data/PlaybackEngines/WindowsStandaloneSupport/UnityEditor.WindowsStandalone.Extensions.dll
Registered in 0.007195 seconds.
Native extension for WindowsStandalone target not found
Native extension for WebGL target not found
Refreshing native plugins compatible for Editor in 25.99 ms, found 0 plugins.
Preloading 0 native plugins for Editor in 0.00 ms.
Invoked RoslynAnalysisRunner static constructor.
RoslynAnalysisRunner will not be running.
RoslynAnalysisRunner has terminated.
Mono: successfully reloaded assembly
- Completed reload, in  1.502 seconds
Platform modules already initialized, skipping
Registering precompiled user dll's ...
Registered in 0.001634 seconds.
Begin MonoManager ReloadAssembly
Native extension for WindowsStandalone target not found
Native extension for WebGL target not found
Refreshing native plugins compatible for Editor in 0.24 ms, found 0 plugins.
Preloading 0 native plugins for Editor in 0.00 ms.
Invoked RoslynAnalysisRunner static constructor.
RoslynAnalysisRunner will not be running.
RoslynAnalysisRunner has terminated.
Mono: successfully reloaded assembly
- Completed reload, in  1.125 seconds
Platform modules already initialized, skipping
========================================================================
Worker process is ready to serve import requests
Launched and connected shader compiler UnityShaderCompiler.exe after 0.05 seconds
Refreshing native plugins compatible for Editor in 0.32 ms, found 0 plugins.
Preloading 0 native plugins for Editor in 0.00 ms.
Unloading 1117 Unused Serialized files (Serialized files now loaded: 0)
System memory in use before: 58.0 MB.
System memory in use after: 58.0 MB.

Unloading 10 unused Assets to reduce memory usage. Loaded Objects now: 1560.
Total: 1.794100 ms (FindLiveObjects: 0.221000 ms CreateObjectMapping: 0.060900 ms MarkObjects: 1.426800 ms  DeleteObjects: 0.083900 ms)

========================================================================
Received Import Request.
  path: Assets/Scenes/Prototype 2.unity
  artifactKey: Guid(f0196d95ff9244ffaa65879ba7824fd4) Importer(815301076,1909f56bfc062723c751e8b465ee728b)
Start importing Assets/Scenes/Prototype 2.unity using Guid(f0196d95ff9244ffaa65879ba7824fd4) Importer(815301076,1909f56bfc062723c751e8b465ee728b)  -> (artifact id: 'ac1bf33abebf6b124e8e0bd6b98bc551') in 0.022410 seconds
  Import took 0.026430 seconds .

========================================================================
Received Import Request.
  Time since last request: 0.000305 seconds.
  path: Assets/Scenes/Prototype 2Settings.lighting
  artifactKey: Guid(8f85669801079e349aec37925e639125) Importer(815301076,1909f56bfc062723c751e8b465ee728b)
Start importing Assets/Scenes/Prototype 2Settings.lighting using Guid(8f85669801079e349aec37925e639125) Importer(815301076,1909f56bfc062723c751e8b465ee728b)  -> (artifact id: '8abb7015ea337ec26491bca40c38b632') in 0.035003 seconds
  Import took 0.037633 seconds .

========================================================================
Received Prepare
Registering precompiled user dll's ...
Registered in 0.001246 seconds.
Begin MonoManager ReloadAssembly
Native extension for WindowsStandalone target not found
Native extension for WebGL target not found
Refreshing native plugins compatible for Editor in 0.30 ms, found 0 plugins.
Preloading 0 native plugins for Editor in 0.00 ms.
Invoked RoslynAnalysisRunner static constructor.
RoslynAnalysisRunner will not be running.
RoslynAnalysisRunner has terminated.
Mono: successfully reloaded assembly
- Completed reload, in  1.007 seconds
Platform modules already initialized, skipping
Refreshing native plugins compatible for Editor in 0.23 ms, found 0 plugins.
Preloading 0 native plugins for Editor in 0.00 ms.
Unloading 1112 Unused Serialized files (Serialized files now loaded: 0)
System memory in use before: 57.9 MB.
System memory in use after: 58.0 MB.

Unloading 5 unused Assets to reduce memory usage. Loaded Objects now: 1563.
Total: 2.249000 ms (FindLiveObjects: 0.237200 ms CreateObjectMapping: 0.060300 ms MarkObjects: 1.896900 ms  DeleteObjects: 0.052900 ms)

========================================================================
Received Import Request.
  Time since last request: 47.924233 seconds.
  path: Assets/Scripts/PlayerController.cs
  artifactKey: Guid(541555012a65c244aa41dc80ca80aa2c) Importer(815301076,1909f56bfc062723c751e8b465ee728b)
Start importing Assets/Scripts/PlayerController.cs using Guid(541555012a65c244aa41dc80ca80aa2c) Importer(815301076,1909f56bfc062723c751e8b465ee728b)  -> (artifact id: '84bb04d53221850fa0855f96fe4247a4') in 0.011384 seconds
  Import took 0.013574 seconds .

========================================================================
Received Prepare
Registering precompiled user dll's ...
Registered in 0.001737 seconds.
Begin MonoManager ReloadAssembly
Native extension for WindowsStandalone target not found
Native extension for WebGL target not found
Refreshing native plugins compatible for Editor in 0.44 ms, found 0 plugins.
Preloading 0 native plugins for Editor in 0.00 ms.
Invoked RoslynAnalysisRunner static constructor.
RoslynAnalysisRunner will not be running.
RoslynAnalysisRunner has terminated.
Mono: successfully reloaded assembly
- Completed reload, in  1.802 seconds
Platform modules already initialized, skipping
Refreshing native plugins compatible for Editor in 0.32 ms, found 0 plugins.
Preloading 0 native plugins for Editor in 0.00 ms.
Unloading 1112 Unused Serialized files (Serialized files now loaded: 0)
System memory in use before: 58.0 MB.
System memory in use after: 58.1 MB.

Unloading 5 unused Assets to reduce memory usage. Loaded Objects now: 1566.
Total: 2.952500 ms (FindLiveObjects: 0.328800 ms CreateObjectMapping: 0.143700 ms MarkObjects: 2.399000 ms  DeleteObjects: 0.078500 ms)

========================================================================
Received Prepare
Registering precompiled user dll's ...
Registered in 0.001179 seconds.
Begin MonoManager ReloadAssembly
Native extension for WindowsStandalone target not found
Native extension for WebGL target not found
Refreshing native plugins compatible for Editor in 0.40 ms, found 0 plugins.
Preloading 0 native plugins for Editor in 0.00 ms.
Invoked RoslynAnalysisRunner static constructor.
RoslynAnalysisRunner will not be running.
RoslynAnalysisRunner has terminated.
Mono: successfully reloaded assembly
- Completed reload, in  1.643 seconds
Platform modules already initialized, skipping
Refreshing native plugins compatible for Editor in 0.32 ms, found 0 plugins.
Preloading 0 native plugins for Editor in 0.00 ms.
Unloading 1112 Unused Serialized files (Serialized files now loaded: 0)
System memory in use before: 58.0 MB.
System memory in use after: 58.1 MB.

Unloading 5 unused Assets to reduce memory usage. Loaded Objects now: 1569.
Total: 2.719100 ms (FindLiveObjects: 0.205200 ms CreateObjectMapping: 0.061900 ms MarkObjects: 2.365000 ms  DeleteObjects: 0.084900 ms)

========================================================================
Received Prepare
Registering precompiled user dll's ...
Registered in 0.001191 seconds.
Begin MonoManager ReloadAssembly
Native extension for WindowsStandalone target not found
Native extension for WebGL target not found
Refreshing native plugins compatible for Editor in 0.25 ms, found 0 plugins.
Preloading 0 native plugins for Editor in 0.00 ms.
Invoked RoslynAnalysisRunner static constructor.
RoslynAnalysisRunner will not be running.
RoslynAnalysisRunner has terminated.
Mono: successfully reloaded assembly
- Completed reload, in  0.931 seconds
Platform modules already initialized, skipping
Refreshing native plugins compatible for Editor in 0.25 ms, found 0 plugins.
Preloading 0 native plugins for Editor in 0.00 ms.
Unloading 1112 Unused Serialized files (Serialized files now loaded: 0)
System memory in use before: 58.0 MB.
System memory in use after: 58.1 MB.

Unloading 5 unused Assets to reduce memory usage. Loaded Objects now: 1572.
Total: 7.176500 ms (FindLiveObjects: 0.643700 ms CreateObjectMapping: 0.252700 ms MarkObjects: 6.142700 ms  DeleteObjects: 0.133000 ms)

========================================================================
Received Prepare
Registering precompiled user dll's ...
Registered in 0.001357 seconds.
Begin MonoManager ReloadAssembly
Native extension for WindowsStandalone target not found
Native extension for WebGL target not found
Refreshing native plugins compatible for Editor in 0.47 ms, found 0 plugins.
Preloading 0 native plugins for Editor in 0.00 ms.
Invoked RoslynAnalysisRunner static constructor.
RoslynAnalysisRunner will not be running.
RoslynAnalysisRunner has terminated.
Mono: successfully reloaded assembly
- Completed reload, in  1.329 seconds
Platform modules already initialized, skipping
Refreshing native plugins compatible for Editor in 0.32 ms, found 0 plugins.
Preloading 0 native plugins for Editor in 0.00 ms.
Unloading 1112 Unused Serialized files (Serialized files now loaded: 0)
System memory in use before: 58.0 MB.
System memory in use after: 58.0 MB.

Unloading 5 unused Assets to reduce memory usage. Loaded Objects now: 1575.
Total: 2.783500 ms (FindLiveObjects: 0.199300 ms CreateObjectMapping: 0.063400 ms MarkObjects: 2.430800 ms  DeleteObjects: 0.088400 ms)

========================================================================
Received Import Request.
  Time since last request: 369.190562 seconds.
  path: Assets/Prefabs/Dog_Doberman_01.prefab
  artifactKey: Guid(f0fa4321aa2d19d4bacb8172899493a8) Importer(815301076,1909f56bfc062723c751e8b465ee728b)
Start importing Assets/Prefabs/Dog_Doberman_01.prefab using Guid(f0fa4321aa2d19d4bacb8172899493a8) Importer(815301076,1909f56bfc062723c751e8b465ee728b)  -> (artifact id: 'b612d35c89d62d9407cd4fa327c8ef83') in 0.364601 seconds
  Import took 0.371233 seconds .

========================================================================
Received Import Request.
  Time since last request: 4.183161 seconds.
  path: Assets/Prefabs/Animal_Chicken_White.prefab
  artifactKey: Guid(87c19dc761705604fbaa6f8cdc6b99c5) Importer(815301076,1909f56bfc062723c751e8b465ee728b)
Start importing Assets/Prefabs/Animal_Chicken_White.prefab using Guid(87c19dc761705604fbaa6f8cdc6b99c5) Importer(815301076,1909f56bfc062723c751e8b465ee728b)  -> (artifact id: 'b1756ef4cfefcdbe53f6f02b439b5acf') in 0.026671 seconds
  Import took 0.030561 seconds .

========================================================================
Received Import Request.
  Time since last request: 4.329917 seconds.
  path: Assets/Prefabs/Animal_Stag_01.prefab
  artifactKey: Guid(7228bf9fdff4fbe4f98c40852a82f7a4) Importer(815301076,1909f56bfc062723c751e8b465ee728b)
Start importing Assets/Prefabs/Animal_Stag_01.prefab using Guid(7228bf9fdff4fbe4f98c40852a82f7a4) Importer(815301076,1909f56bfc062723c751e8b465ee728b)  -> (artifact id: '5300208a0244923094f1e1dbd7b98bf3') in 0.026076 seconds
  Import took 0.028998 seconds .

========================================================================
Received Import Request.
  Time since last request: 0.003439 seconds.
  path: Assets/Prefabs/Animal_Stag_01.prefab
  artifactKey: Guid(7228bf9fdff4fbe4f98c40852a82f7a4) Importer(815301076,1909f56bfc062723c751e8b465ee728b)
Start importing Assets/Prefabs/Animal_Stag_01.prefab using Guid(7228bf9fdff4fbe4f98c40852a82f7a4) Importer(815301076,1909f56bfc062723c751e8b465ee728b)  -> (artifact id: '5300208a0244923094f1e1dbd7b98bf3') in 0.030010 seconds
  Import took 0.034141 seconds .

========================================================================
Received Prepare
Registering precompiled user dll's ...
Registered in 0.001601 seconds.
Begin MonoManager ReloadAssembly
Native extension for WindowsStandalone target not found
Native extension for WebGL target not found
Refreshing native plugins compatible for Editor in 0.29 ms, found 0 plugins.
Preloading 0 native plugins for Editor in 0.00 ms.
Invoked RoslynAnalysisRunner static constructor.
RoslynAnalysisRunner will not be running.
RoslynAnalysisRunner has terminated.
Mono: successfully reloaded assembly
- Completed reload, in  0.949 seconds
Platform modules already initialized, skipping
Refreshing native plugins compatible for Editor in 0.22 ms, found 0 plugins.
Preloading 0 native plugins for Editor in 0.00 ms.
Unloading 1112 Unused Serialized files (Serialized files now loaded: 0)
System memory in use before: 74.7 MB.
System memory in use after: 74.8 MB.

Unloading 5 unused Assets to reduce memory usage. Loaded Objects now: 1586.
Total: 1.667300 ms (FindLiveObjects: 0.141200 ms CreateObjectMapping: 0.046700 ms MarkObjects: 1.427500 ms  DeleteObjects: 0.050500 ms)

========================================================================
Received Import Request.
  Time since last request: 234.719715 seconds.
  path: Assets/Scripts/DestroyOutOfBounds.cs
  artifactKey: Guid(77ef30eb97dfefc4e9fb3c6154f4e3ff) Importer(815301076,1909f56bfc062723c751e8b465ee728b)
Start importing Assets/Scripts/DestroyOutOfBounds.cs using Guid(77ef30eb97dfefc4e9fb3c6154f4e3ff) Importer(815301076,1909f56bfc062723c751e8b465ee728b)  -> (artifact id: 'a64f07de47ddf5a8d408cc86d763ce89') in 0.007075 seconds
  Import took 0.009945 seconds .

========================================================================
Received Prepare
Registering precompiled user dll's ...
Registered in 0.004513 seconds.
Begin MonoManager ReloadAssembly
Native extension for WindowsStandalone target not found
Native extension for WebGL target not found
Refreshing native plugins compatible for Editor in 0.50 ms, found 0 plugins.
Preloading 0 native plugins for Editor in 0.00 ms.
Invoked RoslynAnalysisRunner static constructor.
RoslynAnalysisRunner will not be running.
RoslynAnalysisRunner has terminated.
Mono: successfully reloaded assembly
- Completed reload, in  2.997 seconds
Platform modules already initialized, skipping
Refreshing native plugins compatible for Editor in 0.35 ms, found 0 plugins.
Preloading 0 native plugins for Editor in 0.00 ms.
Unloading 1113 Unused Serialized files (Serialized files now loaded: 0)
System memory in use before: 74.8 MB.
System memory in use after: 74.8 MB.

Unloading 5 unused Assets to reduce memory usage. Loaded Objects now: 1590.
Total: 3.061900 ms (FindLiveObjects: 0.322700 ms CreateObjectMapping: 0.110100 ms MarkObjects: 2.539600 ms  DeleteObjects: 0.086700 ms)

========================================================================
Received Prepare
Registering precompiled user dll's ...
Registered in 0.002541 seconds.
Begin MonoManager ReloadAssembly
Native extension for WindowsStandalone target not found
Native extension for WebGL target not found
Refreshing native plugins compatible for Editor in 0.36 ms, found 0 plugins.
Preloading 0 native plugins for Editor in 0.00 ms.
Invoked RoslynAnalysisRunner static constructor.
RoslynAnalysisRunner will not be running.
RoslynAnalysisRunner has terminated.
Mono: successfully reloaded assembly
- Completed reload, in  1.814 seconds
Platform modules already initialized, skipping
Refreshing native plugins compatible for Editor in 0.33 ms, found 0 plugins.
Preloading 0 native plugins for Editor in 0.00 ms.
Unloading 1113 Unused Serialized files (Serialized files now loaded: 0)
System memory in use before: 74.8 MB.
System memory in use after: 74.9 MB.

Unloading 5 unused Assets to reduce memory usage. Loaded Objects now: 1593.
Total: 2.501400 ms (FindLiveObjects: 0.207300 ms CreateObjectMapping: 0.065000 ms MarkObjects: 2.149400 ms  DeleteObjects: 0.077900 ms)

========================================================================
Received Prepare
Registering precompiled user dll's ...
Registered in 0.001557 seconds.
Begin MonoManager ReloadAssembly
Native extension for WindowsStandalone target not found
Native extension for WebGL target not found
Refreshing native plugins compatible for Editor in 0.50 ms, found 0 plugins.
Preloading 0 native plugins for Editor in 0.00 ms.
Invoked RoslynAnalysisRunner static constructor.
RoslynAnalysisRunner will not be running.
RoslynAnalysisRunner has terminated.
Mono: successfully reloaded assembly
- Completed reload, in  1.939 seconds
Platform modules already initialized, skipping
Refreshing native plugins compatible for Editor in 0.33 ms, found 0 plugins.
Preloading 0 native plugins for Editor in 0.00 ms.
Unloading 1113 Unused Serialized files (Serialized files now loaded: 0)
System memory in use before: 74.8 MB.
System memory in use after: 74.9 MB.

Unloading 5 unused Assets to reduce memory usage. Loaded Objects now: 1596.
Total: 2.960500 ms (FindLiveObjects: 0.246700 ms CreateObjectMapping: 0.071400 ms MarkObjects: 2.534700 ms  DeleteObjects: 0.104900 ms)

========================================================================
Received Prepare
Registering precompiled user dll's ...
Registered in 0.001572 seconds.
Begin MonoManager ReloadAssembly
Native extension for WindowsStandalone target not found
Native extension for WebGL target not found
Refreshing native plugins compatible for Editor in 0.28 ms, found 0 plugins.
Preloading 0 native plugins for Editor in 0.00 ms.
Invoked RoslynAnalysisRunner static constructor.
RoslynAnalysisRunner will not be running.
RoslynAnalysisRunner has terminated.
Mono: successfully reloaded assembly
- Completed reload, in  0.933 seconds
Platform modules already initialized, skipping
Refreshing native plugins compatible for Editor in 0.20 ms, found 0 plugins.
Preloading 0 native plugins for Editor in 0.00 ms.
Unloading 1113 Unused Serialized files (Serialized files now loaded: 0)
System memory in use before: 74.8 MB.
System memory in use after: 74.9 MB.

Unloading 5 unused Assets to reduce memory usage. Loaded Objects now: 1599.
Total: 6.099600 ms (FindLiveObjects: 0.559000 ms CreateObjectMapping: 0.147300 ms MarkObjects: 5.236600 ms  DeleteObjects: 0.151600 ms)

========================================================================
Received Prepare
Registering precompiled user dll's ...
Registered in 0.001639 seconds.
Begin MonoManager ReloadAssembly
Native extension for WindowsStandalone target not found
Native extension for WebGL target not found
Refreshing native plugins compatible for Editor in 0.35 ms, found 0 plugins.
Preloading 0 native plugins for Editor in 0.00 ms.
Invoked RoslynAnalysisRunner static constructor.
RoslynAnalysisRunner will not be running.
RoslynAnalysisRunner has terminated.
Mono: successfully reloaded assembly
- Completed reload, in  1.744 seconds
Platform modules already initialized, skipping
Refreshing native plugins compatible for Editor in 0.42 ms, found 0 plugins.
Preloading 0 native plugins for Editor in 0.00 ms.
Unloading 1113 Unused Serialized files (Serialized files now loaded: 0)
System memory in use before: 74.8 MB.
System memory in use after: 74.9 MB.

Unloading 5 unused Assets to reduce memory usage. Loaded Objects now: 1602.
Total: 3.521200 ms (FindLiveObjects: 0.299200 ms CreateObjectMapping: 0.080100 ms MarkObjects: 3.008700 ms  DeleteObjects: 0.130300 ms)

========================================================================
Received Prepare
Registering precompiled user dll's ...
Registered in 0.002313 seconds.
Begin MonoManager ReloadAssembly
Native extension for WindowsStandalone target not found
Native extension for WebGL target not found
Refreshing native plugins compatible for Editor in 0.39 ms, found 0 plugins.
Preloading 0 native plugins for Editor in 0.00 ms.
Invoked RoslynAnalysisRunner static constructor.
RoslynAnalysisRunner will not be running.
RoslynAnalysisRunner has terminated.
Mono: successfully reloaded assembly
- Completed reload, in  1.999 seconds
Platform modules already initialized, skipping
Refreshing native plugins compatible for Editor in 0.51 ms, found 0 plugins.
Preloading 0 native plugins for Editor in 0.00 ms.
Unloading 1113 Unused Serialized files (Serialized files now loaded: 0)
System memory in use before: 74.8 MB.
System memory in use after: 74.9 MB.

Unloading 5 unused Assets to reduce memory usage. Loaded Objects now: 1605.
Total: 4.655200 ms (FindLiveObjects: 0.373400 ms CreateObjectMapping: 0.133100 ms MarkObjects: 4.031600 ms  DeleteObjects: 0.114000 ms)

========================================================================
Received Prepare
Registering precompiled user dll's ...
Registered in 0.001486 seconds.
Begin MonoManager ReloadAssembly
Native extension for WindowsStandalone target not found
Native extension for WebGL target not found
Refreshing native plugins compatible for Editor in 0.22 ms, found 0 plugins.
Preloading 0 native plugins for Editor in 0.00 ms.
Invoked RoslynAnalysisRunner static constructor.
RoslynAnalysisRunner will not be running.
RoslynAnalysisRunner has terminated.
Mono: successfully reloaded assembly
- Completed reload, in  0.930 seconds
Platform modules already initialized, skipping
Refreshing native plugins compatible for Editor in 0.22 ms, found 0 plugins.
Preloading 0 native plugins for Editor in 0.00 ms.
Unloading 1113 Unused Serialized files (Serialized files now loaded: 0)
System memory in use before: 74.8 MB.
System memory in use after: 74.9 MB.

Unloading 5 unused Assets to reduce memory usage. Loaded Objects now: 1608.
Total: 1.719700 ms (FindLiveObjects: 0.141700 ms CreateObjectMapping: 0.037900 ms MarkObjects: 1.488600 ms  DeleteObjects: 0.050300 ms)

========================================================================
Received Prepare
Registering precompiled user dll's ...
Registered in 0.001545 seconds.
Begin MonoManager ReloadAssembly
Native extension for WindowsStandalone target not found
Native extension for WebGL target not found
Refreshing native plugins compatible for Editor in 0.57 ms, found 0 plugins.
Preloading 0 native plugins for Editor in 0.00 ms.
Invoked RoslynAnalysisRunner static constructor.
RoslynAnalysisRunner will not be running.
RoslynAnalysisRunner has terminated.
Mono: successfully reloaded assembly
- Completed reload, in  1.471 seconds
Platform modules already initialized, skipping
Refreshing native plugins compatible for Editor in 0.30 ms, found 0 plugins.
Preloading 0 native plugins for Editor in 0.00 ms.
Unloading 1113 Unused Serialized files (Serialized files now loaded: 0)
System memory in use before: 74.8 MB.
System memory in use after: 74.9 MB.

Unloading 5 unused Assets to reduce memory usage. Loaded Objects now: 1611.
Total: 5.409800 ms (FindLiveObjects: 0.617100 ms CreateObjectMapping: 0.227900 ms MarkObjects: 4.426100 ms  DeleteObjects: 0.134800 ms)

========================================================================
Received Prepare
Registering precompiled user dll's ...
Registered in 0.001227 seconds.
Begin MonoManager ReloadAssembly
Native extension for WindowsStandalone target not found
Native extension for WebGL target not found
Refreshing native plugins compatible for Editor in 0.22 ms, found 0 plugins.
Preloading 0 native plugins for Editor in 0.00 ms.
Invoked RoslynAnalysisRunner static constructor.
RoslynAnalysisRunner will not be running.
RoslynAnalysisRunner has terminated.
Mono: successfully reloaded assembly
- Completed reload, in  0.866 seconds
Platform modules already initialized, skipping
Refreshing native plugins compatible for Editor in 0.21 ms, found 0 plugins.
Preloading 0 native plugins for Editor in 0.00 ms.
Unloading 1113 Unused Serialized files (Serialized files now loaded: 0)
System memory in use before: 74.8 MB.
System memory in use after: 74.9 MB.

Unloading 5 unused Assets to reduce memory usage. Loaded Objects now: 1614.
Total: 3.289100 ms (FindLiveObjects: 0.299700 ms CreateObjectMapping: 0.092300 ms MarkObjects: 2.799700 ms  DeleteObjects: 0.094800 ms)

========================================================================
Received Import Request.
  Time since last request: 490.773082 seconds.
  path: Assets/Prefabs/Food_Banana_01.prefab
  artifactKey: Guid(0551ccf230265484bb5a52ca3c084de4) Importer(815301076,1909f56bfc062723c751e8b465ee728b)
Start importing Assets/Prefabs/Food_Banana_01.prefab using Guid(0551ccf230265484bb5a52ca3c084de4) Importer(815301076,1909f56bfc062723c751e8b465ee728b)  -> (artifact id: 'cc109f186f680c96528d0e2205b24533') in 0.074618 seconds
  Import took 0.079526 seconds .

========================================================================
Received Prepare
Registering precompiled user dll's ...
Registered in 0.001165 seconds.
Begin MonoManager ReloadAssembly
Native extension for WindowsStandalone target not found
Native extension for WebGL target not found
Refreshing native plugins compatible for Editor in 0.22 ms, found 0 plugins.
Preloading 0 native plugins for Editor in 0.00 ms.
Invoked RoslynAnalysisRunner static constructor.
RoslynAnalysisRunner will not be running.
RoslynAnalysisRunner has terminated.
Mono: successfully reloaded assembly
- Completed reload, in  0.904 seconds
Platform modules already initialized, skipping
Refreshing native plugins compatible for Editor in 0.46 ms, found 0 plugins.
Preloading 0 native plugins for Editor in 0.00 ms.
Unloading 1113 Unused Serialized files (Serialized files now loaded: 0)
System memory in use before: 74.8 MB.
System memory in use after: 74.9 MB.

Unloading 5 unused Assets to reduce memory usage. Loaded Objects now: 1618.
Total: 2.259400 ms (FindLiveObjects: 0.327200 ms CreateObjectMapping: 0.109300 ms MarkObjects: 1.764200 ms  DeleteObjects: 0.056800 ms)

========================================================================
Received Prepare
Registering precompiled user dll's ...
Registered in 0.001803 seconds.
Begin MonoManager ReloadAssembly
Native extension for WindowsStandalone target not found
Native extension for WebGL target not found
Refreshing native plugins compatible for Editor in 0.36 ms, found 0 plugins.
Preloading 0 native plugins for Editor in 0.00 ms.
Invoked RoslynAnalysisRunner static constructor.
RoslynAnalysisRunner will not be running.
RoslynAnalysisRunner has terminated.
Mono: successfully reloaded assembly
- Completed reload, in  1.844 seconds
Platform modules already initialized, skipping
Refreshing native plugins compatible for Editor in 0.30 ms, found 0 plugins.
Preloading 0 native plugins for Editor in 0.00 ms.
Unloading 1113 Unused Serialized files (Serialized files now loaded: 0)
System memory in use before: 74.8 MB.
System memory in use after: 74.9 MB.

Unloading 5 unused Assets to reduce memory usage. Loaded Objects now: 1621.
Total: 4.648800 ms (FindLiveObjects: 0.347500 ms CreateObjectMapping: 0.110300 ms MarkObjects: 4.088200 ms  DeleteObjects: 0.099600 ms)

========================================================================
Received Import Request.
  Time since last request: 98.031719 seconds.
  path: Assets/Prefabs/Food_Banana_01.prefab
  artifactKey: Guid(0551ccf230265484bb5a52ca3c084de4) Importer(815301076,1909f56bfc062723c751e8b465ee728b)
Start importing Assets/Prefabs/Food_Banana_01.prefab using Guid(0551ccf230265484bb5a52ca3c084de4) Importer(815301076,1909f56bfc062723c751e8b465ee728b)  -> (artifact id: '707600e095135174d5fb21bb3cc0a7b7') in 0.102261 seconds
  Import took 0.106651 seconds .

========================================================================
Received Import Request.
  Time since last request: 10.656541 seconds.
  path: Assets/Prefabs/Dog_Doberman_01.prefab
  artifactKey: Guid(f0fa4321aa2d19d4bacb8172899493a8) Importer(815301076,1909f56bfc062723c751e8b465ee728b)
Start importing Assets/Prefabs/Dog_Doberman_01.prefab using Guid(f0fa4321aa2d19d4bacb8172899493a8) Importer(815301076,1909f56bfc062723c751e8b465ee728b)  -> (artifact id: 'cac58a6a8886f811ed0f8a90ccc198cb') in 0.050032 seconds
  Import took 0.054765 seconds .

========================================================================
Received Import Request.
  Time since last request: 2.945206 seconds.
  path: Assets/Prefabs/Animal_Stag_01.prefab
  artifactKey: Guid(7228bf9fdff4fbe4f98c40852a82f7a4) Importer(815301076,1909f56bfc062723c751e8b465ee728b)
Start importing Assets/Prefabs/Animal_Stag_01.prefab using Guid(7228bf9fdff4fbe4f98c40852a82f7a4) Importer(815301076,1909f56bfc062723c751e8b465ee728b)  -> (artifact id: 'da2e798ac986c5f3f4f82140525ef4c5') in 0.020969 seconds
  Import took 0.023812 seconds .

========================================================================
Received Import Request.
  Time since last request: 0.000681 seconds.
  path: Assets/Prefabs/Animal_Stag_01.prefab
  artifactKey: Guid(7228bf9fdff4fbe4f98c40852a82f7a4) Importer(815301076,1909f56bfc062723c751e8b465ee728b)
Start importing Assets/Prefabs/Animal_Stag_01.prefab using Guid(7228bf9fdff4fbe4f98c40852a82f7a4) Importer(815301076,1909f56bfc062723c751e8b465ee728b)  -> (artifact id: 'da2e798ac986c5f3f4f82140525ef4c5') in 0.021365 seconds
  Import took 0.023968 seconds .

========================================================================
Received Import Request.
  Time since last request: 0.587589 seconds.
  path: Assets/Prefabs/Animal_Chicken_White.prefab
  artifactKey: Guid(87c19dc761705604fbaa6f8cdc6b99c5) Importer(815301076,1909f56bfc062723c751e8b465ee728b)
Start importing Assets/Prefabs/Animal_Chicken_White.prefab using Guid(87c19dc761705604fbaa6f8cdc6b99c5) Importer(815301076,1909f56bfc062723c751e8b465ee728b)  -> (artifact id: '69bcbb06b79127fbd2597c0eab908369') in 0.021534 seconds
  Import took 0.035868 seconds .

========================================================================
Received Import Request.
  Time since last request: 0.001140 seconds.
  path: Assets/Prefabs/Animal_Chicken_White.prefab
  artifactKey: Guid(87c19dc761705604fbaa6f8cdc6b99c5) Importer(815301076,1909f56bfc062723c751e8b465ee728b)
Start importing Assets/Prefabs/Animal_Chicken_White.prefab using Guid(87c19dc761705604fbaa6f8cdc6b99c5) Importer(815301076,1909f56bfc062723c751e8b465ee728b)  -> (artifact id: '69bcbb06b79127fbd2597c0eab908369') in 0.018972 seconds
  Import took 0.021678 seconds .

========================================================================
Received Import Request.
  Time since last request: 24.138151 seconds.
  path: Assets/Scripts/DestroyOutOfBounds.cs
  artifactKey: Guid(77ef30eb97dfefc4e9fb3c6154f4e3ff) Importer(815301076,1909f56bfc062723c751e8b465ee728b)
Start importing Assets/Scripts/DestroyOutOfBounds.cs using Guid(77ef30eb97dfefc4e9fb3c6154f4e3ff) Importer(815301076,1909f56bfc062723c751e8b465ee728b)  -> (artifact id: '7fbfb76638b7c01d92a61c5895821efb') in 0.003801 seconds
  Import took 0.005929 seconds .

========================================================================
Received Import Request.
  Time since last request: 0.001893 seconds.
  path: Assets/Scripts/DestroyOutOfBounds.cs
  artifactKey: Guid(77ef30eb97dfefc4e9fb3c6154f4e3ff) Importer(815301076,1909f56bfc062723c751e8b465ee728b)
Start importing Assets/Scripts/DestroyOutOfBounds.cs using Guid(77ef30eb97dfefc4e9fb3c6154f4e3ff) Importer(815301076,1909f56bfc062723c751e8b465ee728b)  -> (artifact id: '7fbfb76638b7c01d92a61c5895821efb') in 0.004067 seconds
  Import took 0.006318 seconds .

========================================================================
Received Import Request.
  Time since last request: 11.900539 seconds.
  path: Assets/Prefabs/Dog_Doberman_01.prefab
  artifactKey: Guid(f0fa4321aa2d19d4bacb8172899493a8) Importer(815301076,1909f56bfc062723c751e8b465ee728b)
Start importing Assets/Prefabs/Dog_Doberman_01.prefab using Guid(f0fa4321aa2d19d4bacb8172899493a8) Importer(815301076,1909f56bfc062723c751e8b465ee728b)  -> (artifact id: '09e606798088a0dc2a10d58829ae509a') in 0.054838 seconds
  Import took 0.059847 seconds .

========================================================================
Received Import Request.
  Time since last request: 49.486371 seconds.
  path: Assets/Prefabs/Animal_Chicken_White.prefab
  artifactKey: Guid(87c19dc761705604fbaa6f8cdc6b99c5) Importer(815301076,1909f56bfc062723c751e8b465ee728b)
Start importing Assets/Prefabs/Animal_Chicken_White.prefab using Guid(87c19dc761705604fbaa6f8cdc6b99c5) Importer(815301076,1909f56bfc062723c751e8b465ee728b)  -> (artifact id: '2604d62beffd09429795a8171d352779') in 0.033830 seconds
  Import took 0.038459 seconds .

========================================================================
Received Prepare
Registering precompiled user dll's ...
Registered in 0.006290 seconds.
Begin MonoManager ReloadAssembly
Native extension for WindowsStandalone target not found
Native extension for WebGL target not found
Refreshing native plugins compatible for Editor in 0.81 ms, found 0 plugins.
Preloading 0 native plugins for Editor in 0.00 ms.
Invoked RoslynAnalysisRunner static constructor.
RoslynAnalysisRunner will not be running.
RoslynAnalysisRunner has terminated.
Mono: successfully reloaded assembly
- Completed reload, in  4.451 seconds
Platform modules already initialized, skipping
Refreshing native plugins compatible for Editor in 1.08 ms, found 0 plugins.
Preloading 0 native plugins for Editor in 0.00 ms.
Unloading 1113 Unused Serialized files (Serialized files now loaded: 0)
System memory in use before: 74.9 MB.
System memory in use after: 75.0 MB.

Unloading 5 unused Assets to reduce memory usage. Loaded Objects now: 1625.
Total: 10.033800 ms (FindLiveObjects: 0.921200 ms CreateObjectMapping: 0.429200 ms MarkObjects: 8.518400 ms  DeleteObjects: 0.161400 ms)

AssetImportWorkerClient::OnTransportError - code=2 error=End of file
